<?xml version="1.0" encoding="UTF-8"?>
<testng-results skipped="0" failed="0" ignored="0" total="1" passed="1">
  <reporter-output>
  </reporter-output>
  <suite name="Default suite" duration-ms="2042" started-at="2019-09-23T15:07:09Z" finished-at="2019-09-23T15:07:11Z">
    <groups>
    </groups>
    <test name="Default test" duration-ms="2042" started-at="2019-09-23T15:07:09Z" finished-at="2019-09-23T15:07:11Z">
      <class name="TestNgForJenkins.SampleJenkinsProject.JenkinsLambdaTest">
        <test-method status="PASS" signature="setUp()[pri:0, instance:TestNgForJenkins.SampleJenkinsProject.JenkinsLambdaTest@224edc67]" name="setUp" is-config="true" duration-ms="2010" started-at="2019-09-23T15:07:09Z" finished-at="2019-09-23T15:07:11Z">
          <reporter-output>
          </reporter-output>
        </test-method> <!-- setUp -->
        <test-method status="PASS" signature="testSimple()[pri:0, instance:TestNgForJenkins.SampleJenkinsProject.JenkinsLambdaTest@224edc67]" name="testSimple" duration-ms="7" started-at="2019-09-23T15:07:11Z" finished-at="2019-09-23T15:07:11Z">
          <reporter-output>
          </reporter-output>
        </test-method> <!-- testSimple -->
        <test-method status="PASS" signature="tearDown()[pri:0, instance:TestNgForJenkins.SampleJenkinsProject.JenkinsLambdaTest@224edc67]" name="tearDown" is-config="true" duration-ms="1" started-at="2019-09-23T15:07:11Z" finished-at="2019-09-23T15:07:11Z">
          <reporter-output>
          </reporter-output>
        </test-method> <!-- tearDown -->
      </class> <!-- TestNgForJenkins.SampleJenkinsProject.JenkinsLambdaTest -->
    </test> <!-- Default test -->
  </suite> <!-- Default suite -->
</testng-results>
